<?xml version="1.0" encoding="UTF-8"?>
<!-- Generated by org.testng.reporters.JUnitXMLReporter -->
<testsuite ignored="0" hostname="DESKTOP-8PCJLJ0" failures="11" tests="11" name="CreateFirm" time="0.572" errors="0" timestamp="04 Sep 2023 06:11:56 GMT">
  <testcase classname="com.leasecrunch.testscases.CreateFirm" name="createFirm" time="0.006">
    <failure type="java.lang.NullPointerException" message="Cannot invoke &amp;quot;String.equalsIgnoreCase(String)&amp;quot; because the return value of &amp;quot;java.util.Hashtable.get(Object)&amp;quot; is null">
      <![CDATA[java.lang.NullPointerException: Cannot invoke "String.equalsIgnoreCase(String)" because the return value of "java.util.Hashtable.get(Object)" is null
	at com.leasecrunch.testscases.CreateFirm.createFirm(CreateFirm.java:26)
... Removed 28 stack frames]]>
    </failure>
  </testcase> <!-- createFirm -->
  <testcase classname="com.leasecrunch.testscases.CreateFirm" name="createFirm" time="0.0">
    <failure type="java.lang.NullPointerException" message="Cannot invoke &amp;quot;String.equalsIgnoreCase(String)&amp;quot; because the return value of &amp;quot;java.util.Hashtable.get(Object)&amp;quot; is null">
      <![CDATA[java.lang.NullPointerException: Cannot invoke "String.equalsIgnoreCase(String)" because the return value of "java.util.Hashtable.get(Object)" is null
	at com.leasecrunch.testscases.CreateFirm.createFirm(CreateFirm.java:26)
... Removed 28 stack frames]]>
    </failure>
  </testcase> <!-- createFirm -->
  <testcase classname="com.leasecrunch.testscases.CreateFirm" name="createFirm" time="0.0">
    <failure type="java.lang.NullPointerException" message="Cannot invoke &amp;quot;String.equalsIgnoreCase(String)&amp;quot; because the return value of &amp;quot;java.util.Hashtable.get(Object)&amp;quot; is null">
      <![CDATA[java.lang.NullPointerException: Cannot invoke "String.equalsIgnoreCase(String)" because the return value of "java.util.Hashtable.get(Object)" is null
	at com.leasecrunch.testscases.CreateFirm.createFirm(CreateFirm.java:26)
... Removed 28 stack frames]]>
    </failure>
  </testcase> <!-- createFirm -->
  <testcase classname="com.leasecrunch.testscases.CreateFirm" name="createFirm" time="0.001">
    <failure type="java.lang.NullPointerException" message="Cannot invoke &amp;quot;String.equalsIgnoreCase(String)&amp;quot; because the return value of &amp;quot;java.util.Hashtable.get(Object)&amp;quot; is null">
      <![CDATA[java.lang.NullPointerException: Cannot invoke "String.equalsIgnoreCase(String)" because the return value of "java.util.Hashtable.get(Object)" is null
	at com.leasecrunch.testscases.CreateFirm.createFirm(CreateFirm.java:26)
... Removed 28 stack frames]]>
    </failure>
  </testcase> <!-- createFirm -->
  <testcase classname="com.leasecrunch.testscases.CreateFirm" name="createFirm" time="0.0">
    <failure type="java.lang.NullPointerException" message="Cannot invoke &amp;quot;String.equalsIgnoreCase(String)&amp;quot; because the return value of &amp;quot;java.util.Hashtable.get(Object)&amp;quot; is null">
      <![CDATA[java.lang.NullPointerException: Cannot invoke "String.equalsIgnoreCase(String)" because the return value of "java.util.Hashtable.get(Object)" is null
	at com.leasecrunch.testscases.CreateFirm.createFirm(CreateFirm.java:26)
... Removed 28 stack frames]]>
    </failure>
  </testcase> <!-- createFirm -->
  <testcase classname="com.leasecrunch.testscases.CreateFirm" name="createFirm" time="0.0">
    <failure type="java.lang.NullPointerException" message="Cannot invoke &amp;quot;String.equalsIgnoreCase(String)&amp;quot; because the return value of &amp;quot;java.util.Hashtable.get(Object)&amp;quot; is null">
      <![CDATA[java.lang.NullPointerException: Cannot invoke "String.equalsIgnoreCase(String)" because the return value of "java.util.Hashtable.get(Object)" is null
	at com.leasecrunch.testscases.CreateFirm.createFirm(CreateFirm.java:26)
... Removed 28 stack frames]]>
    </failure>
  </testcase> <!-- createFirm -->
  <testcase classname="com.leasecrunch.testscases.CreateFirm" name="createFirm" time="0.0">
    <failure type="java.lang.NullPointerException" message="Cannot invoke &amp;quot;String.equalsIgnoreCase(String)&amp;quot; because the return value of &amp;quot;java.util.Hashtable.get(Object)&amp;quot; is null">
      <![CDATA[java.lang.NullPointerException: Cannot invoke "String.equalsIgnoreCase(String)" because the return value of "java.util.Hashtable.get(Object)" is null
	at com.leasecrunch.testscases.CreateFirm.createFirm(CreateFirm.java:26)
... Removed 28 stack frames]]>
    </failure>
  </testcase> <!-- createFirm -->
  <testcase classname="com.leasecrunch.testscases.CreateFirm" name="createFirm" time="0.0">
    <failure type="java.lang.NullPointerException" message="Cannot invoke &amp;quot;String.equalsIgnoreCase(String)&amp;quot; because the return value of &amp;quot;java.util.Hashtable.get(Object)&amp;quot; is null">
      <![CDATA[java.lang.NullPointerException: Cannot invoke "String.equalsIgnoreCase(String)" because the return value of "java.util.Hashtable.get(Object)" is null
	at com.leasecrunch.testscases.CreateFirm.createFirm(CreateFirm.java:26)
... Removed 28 stack frames]]>
    </failure>
  </testcase> <!-- createFirm -->
  <testcase classname="com.leasecrunch.testscases.CreateFirm" name="createFirm" time="0.0">
    <failure type="java.lang.NullPointerException" message="Cannot invoke &amp;quot;String.equalsIgnoreCase(String)&amp;quot; because the return value of &amp;quot;java.util.Hashtable.get(Object)&amp;quot; is null">
      <![CDATA[java.lang.NullPointerException: Cannot invoke "String.equalsIgnoreCase(String)" because the return value of "java.util.Hashtable.get(Object)" is null
	at com.leasecrunch.testscases.CreateFirm.createFirm(CreateFirm.java:26)
... Removed 28 stack frames]]>
    </failure>
  </testcase> <!-- createFirm -->
  <testcase classname="com.leasecrunch.testscases.CreateFirm" name="createFirm" time="0.0">
    <failure type="java.lang.NullPointerException" message="Cannot invoke &amp;quot;String.equalsIgnoreCase(String)&amp;quot; because the return value of &amp;quot;java.util.Hashtable.get(Object)&amp;quot; is null">
      <![CDATA[java.lang.NullPointerException: Cannot invoke "String.equalsIgnoreCase(String)" because the return value of "java.util.Hashtable.get(Object)" is null
	at com.leasecrunch.testscases.CreateFirm.createFirm(CreateFirm.java:26)
... Removed 28 stack frames]]>
    </failure>
  </testcase> <!-- createFirm -->
  <testcase classname="com.leasecrunch.testscases.CreateFirm" name="createFirm" time="0.0">
    <failure type="java.lang.NullPointerException" message="Cannot invoke &amp;quot;String.equalsIgnoreCase(String)&amp;quot; because the return value of &amp;quot;java.util.Hashtable.get(Object)&amp;quot; is null">
      <![CDATA[java.lang.NullPointerException: Cannot invoke "String.equalsIgnoreCase(String)" because the return value of "java.util.Hashtable.get(Object)" is null
	at com.leasecrunch.testscases.CreateFirm.createFirm(CreateFirm.java:26)
... Removed 28 stack frames]]>
    </failure>
  </testcase> <!-- createFirm -->
</testsuite> <!-- CreateFirm -->
