-------------------------------------------------------------------------------
Test set: TestSuite
-------------------------------------------------------------------------------
Tests run: 12, Failures: 11, Errors: 0, Skipped: 1, Time elapsed: 5.841 sec <<< FAILURE! - in TestSuite
createFirm(com.leasecrunch.testscases.CreateFirm)  Time elapsed: 0.01 sec  <<< FAILURE!
java.lang.NullPointerException: Cannot invoke "String.equalsIgnoreCase(String)" because the return value of "java.util.Hashtable.get(Object)" is null
	at com.leasecrunch.testscases.CreateFirm.createFirm(CreateFirm.java:26)

createFirm(com.leasecrunch.testscases.CreateFirm)  Time elapsed: 0 sec  <<< FAILURE!
java.lang.NullPointerException: Cannot invoke "String.equalsIgnoreCase(String)" because the return value of "java.util.Hashtable.get(Object)" is null
	at com.leasecrunch.testscases.CreateFirm.createFirm(CreateFirm.java:26)

createFirm(com.leasecrunch.testscases.CreateFirm)  Time elapsed: 0.001 sec  <<< FAILURE!
java.lang.NullPointerException: Cannot invoke "String.equalsIgnoreCase(String)" because the return value of "java.util.Hashtable.get(Object)" is null
	at com.leasecrunch.testscases.CreateFirm.createFirm(CreateFirm.java:26)

createFirm(com.leasecrunch.testscases.CreateFirm)  Time elapsed: 0 sec  <<< FAILURE!
java.lang.NullPointerException: Cannot invoke "String.equalsIgnoreCase(String)" because the return value of "java.util.Hashtable.get(Object)" is null
	at com.leasecrunch.testscases.CreateFirm.createFirm(CreateFirm.java:26)

createFirm(com.leasecrunch.testscases.CreateFirm)  Time elapsed: 0 sec  <<< FAILURE!
java.lang.NullPointerException: Cannot invoke "String.equalsIgnoreCase(String)" because the return value of "java.util.Hashtable.get(Object)" is null
	at com.leasecrunch.testscases.CreateFirm.createFirm(CreateFirm.java:26)

createFirm(com.leasecrunch.testscases.CreateFirm)  Time elapsed: 0 sec  <<< FAILURE!
java.lang.NullPointerException: Cannot invoke "String.equalsIgnoreCase(String)" because the return value of "java.util.Hashtable.get(Object)" is null
	at com.leasecrunch.testscases.CreateFirm.createFirm(CreateFirm.java:26)

createFirm(com.leasecrunch.testscases.CreateFirm)  Time elapsed: 0 sec  <<< FAILURE!
java.lang.NullPointerException: Cannot invoke "String.equalsIgnoreCase(String)" because the return value of "java.util.Hashtable.get(Object)" is null
	at com.leasecrunch.testscases.CreateFirm.createFirm(CreateFirm.java:26)

createFirm(com.leasecrunch.testscases.CreateFirm)  Time elapsed: 0 sec  <<< FAILURE!
java.lang.NullPointerException: Cannot invoke "String.equalsIgnoreCase(String)" because the return value of "java.util.Hashtable.get(Object)" is null
	at com.leasecrunch.testscases.CreateFirm.createFirm(CreateFirm.java:26)

createFirm(com.leasecrunch.testscases.CreateFirm)  Time elapsed: 0.001 sec  <<< FAILURE!
java.lang.NullPointerException: Cannot invoke "String.equalsIgnoreCase(String)" because the return value of "java.util.Hashtable.get(Object)" is null
	at com.leasecrunch.testscases.CreateFirm.createFirm(CreateFirm.java:26)

createFirm(com.leasecrunch.testscases.CreateFirm)  Time elapsed: 0 sec  <<< FAILURE!
java.lang.NullPointerException: Cannot invoke "String.equalsIgnoreCase(String)" because the return value of "java.util.Hashtable.get(Object)" is null
	at com.leasecrunch.testscases.CreateFirm.createFirm(CreateFirm.java:26)

createFirm(com.leasecrunch.testscases.CreateFirm)  Time elapsed: 0 sec  <<< FAILURE!
java.lang.NullPointerException: Cannot invoke "String.equalsIgnoreCase(String)" because the return value of "java.util.Hashtable.get(Object)" is null
	at com.leasecrunch.testscases.CreateFirm.createFirm(CreateFirm.java:26)

