<?xml version="1.0" encoding="UTF-8"?>
<testng-results ignored="0" total="1" passed="1" failed="0" skipped="0">
  <reporter-output>
  </reporter-output>
  <suite started-at="2024-04-29T11:33:40 PKT" name="Default suite" finished-at="2024-04-29T11:34:25 PKT" duration-ms="45202">
    <groups>
    </groups>
    <test started-at="2024-04-29T11:33:40 PKT" name="Default test" finished-at="2024-04-29T11:34:25 PKT" duration-ms="45202">
      <class name="com.leasecrunch.testscases.Firm.CreateFirm">
        <test-method is-config="true" signature="beforetest()[pri:0, instance:com.leasecrunch.testscases.Firm.CreateFirm@71687585]" started-at="2024-04-29T11:33:40 PKT" name="beforetest" finished-at="2024-04-29T11:33:53 PKT" duration-ms="13129" status="PASS">
          <reporter-output>
          </reporter-output>
        </test-method> <!-- beforetest -->
        <test-method signature="createFirm()[pri:0, instance:com.leasecrunch.testscases.Firm.CreateFirm@71687585]" started-at="2024-04-29T11:33:53 PKT" name="createFirm" finished-at="2024-04-29T11:34:25 PKT" duration-ms="31788" status="PASS">
          <reporter-output>
          </reporter-output>
        </test-method> <!-- createFirm -->
        <test-method is-config="true" signature="aftertest()[pri:0, instance:com.leasecrunch.testscases.Firm.CreateFirm@71687585]" started-at="2024-04-29T11:34:25 PKT" name="aftertest" finished-at="2024-04-29T11:34:25 PKT" duration-ms="237" status="PASS">
          <reporter-output>
          </reporter-output>
        </test-method> <!-- aftertest -->
      </class> <!-- com.leasecrunch.testscases.Firm.CreateFirm -->
    </test> <!-- Default test -->
  </suite> <!-- Default suite -->
</testng-results>
